<?xml version="1.0" encoding="UTF-8" ?>
<testsuite tests="6" failures="0" name="TestRentalCalculator" time="0.002" errors="0" skipped="0">
  <properties>
[...]
</properties>
  <testcase classname="TestRentalCalculator" name="testTC1" time="0.002"/>
  <testcase classname="TestRentalCalculator" name="testTC2" time="0"/>
  <testcase classname="TestRentalCalculator" name="testTC3" time="0"/>
  <testcase classname="TestRentalCalculator" name="testTC4" time="0"/>
  <testcase classname="TestRentalCalculator" name="testTC5" time="0"/>
  <testcase classname="TestRentalCalculator" name="testTC6" time="0"/>
</testsuite>